<?xml version="1.0" encoding="UTF-8"?>
<!-- Generated by org.testng.reporters.JUnitReportReporter -->
<testsuite skipped="0" hostname="Binup-PC" name="com.binupjewelry.tests.SearchAndBuyRingTest" tests="1" failures="0" timestamp="01 Jun 2017 21:56:32 GMT" time="25.504" errors="0">
  <testcase name="searchAndBuyRing" time="25.504" classname="com.binupjewelry.tests.SearchAndBuyRingTest"/>
</testsuite> <!-- com.binupjewelry.tests.SearchAndBuyRingTest -->
